<?xml version="1.0" encoding="UTF-8"?>
<robot generator="Robot 4.0 (Python 3.10.2 on win32)" generated="20220706 16:38:22.131" rpa="false" schemaversion="2">
<suite id="s1" name="GET STORE ORDER ORDERID" source="C:\Users\super\automacao_pet\tests\GET_STORE_ORDER_ORDERID.robot">
<test id="s1-t1" name="TC06:buscar pedido de compra por id válido">
<kw name="Dado que realizo a consulta no endpoint &quot;get/store/order/{orderId}&quot; enviando orderId &quot;5&quot;" library="GET_STORE_ORDER_ORDERID" sourcename="Dado que realizo a consulta no endpoint &quot;get/store/order/{orderId}&quot; enviando orderId &quot;${orderId}&quot;">
<kw name="Format String" library="String">
<var>${url_formatada}</var>
<arg>${base_url}/store/order/${orderId}</arg>
<doc>Formats a ``template`` using the given ``positional`` and ``named`` arguments.</doc>
<msg timestamp="20220706 16:38:22.462" level="INFO">${url_formatada} = https://petstore.swagger.io/v2/store/order/5</msg>
<status status="PASS" starttime="20220706 16:38:22.462" endtime="20220706 16:38:22.462"/>
</kw>
<kw name="GET" library="RequestsLibrary">
<var>${response}</var>
<arg>${url_formatada}</arg>
<arg>expected_status=any</arg>
<doc>Sends a GET request.</doc>
<msg timestamp="20220706 16:38:22.937" level="INFO">GET Request : url=https://petstore.swagger.io/v2/store/order/5 
 path_url=/v2/store/order/5 
 headers={'User-Agent': 'python-requests/2.25.1', 'Accept-Encoding': 'gzip, deflate', 'Accept': '*/*', 'Connection': 'keep-alive'} 
 body=None 
 </msg>
<msg timestamp="20220706 16:38:22.937" level="INFO">GET Response : url=https://petstore.swagger.io/v2/store/order/5 
 status=200, reason=OK 
 headers={'Date': 'Wed, 06 Jul 2022 19:38:23 GMT', 'Content-Type': 'application/json', 'Transfer-Encoding': 'chunked', 'Connection': 'keep-alive', 'Access-Control-Allow-Origin': '*', 'Access-Control-Allow-Methods': 'GET, POST, DELETE, PUT', 'Access-Control-Allow-Headers': 'Content-Type, api_key, Authorization', 'Server': 'Jetty(9.2.9.v20150224)'} 
 body={"id":5,"petId":1,"quantity":2,"shipDate":"2022-07-06T11:13:27.136+0000","status":"placed","complete":true} 
 </msg>
<msg timestamp="20220706 16:38:22.937" level="INFO">${response} = &lt;Response [200]&gt;</msg>
<status status="PASS" starttime="20220706 16:38:22.463" endtime="20220706 16:38:22.937"/>
</kw>
<kw name="Set Test Variable" library="BuiltIn">
<arg>${response}</arg>
<doc>Makes a variable available everywhere within the scope of the current test.</doc>
<msg timestamp="20220706 16:38:22.938" level="INFO">${response} = &lt;Response [200]&gt;</msg>
<status status="PASS" starttime="20220706 16:38:22.937" endtime="20220706 16:38:22.938"/>
</kw>
<status status="PASS" starttime="20220706 16:38:22.462" endtime="20220706 16:38:22.938"/>
</kw>
<kw name="Então retorna a requisição com status code &quot;200&quot;" library="GET_STORE_ORDER_ORDERID" sourcename="Então retorna a requisição com status code &quot;${esperado}&quot;">
<kw name="Status Should Be" library="RequestsLibrary">
<arg>${esperado}</arg>
<doc>Fails if response status code is different than the expected.</doc>
<status status="PASS" starttime="20220706 16:38:22.938" endtime="20220706 16:38:22.938"/>
</kw>
<status status="PASS" starttime="20220706 16:38:22.938" endtime="20220706 16:38:22.938"/>
</kw>
<kw name="E o corpo do contrato da requisição &quot;orderId com sucesso&quot;" library="GET_STORE_ORDER_ORDERID" sourcename="E o corpo do contrato da requisição &quot;${schema}&quot;">
<kw name="Get Schema Json" library="GET_STORE_ORDER_ORDERID">
<var>${arg_schema}</var>
<arg>${schema}</arg>
<doc>Keyword responsável por pegar o arquivo "schemas.json"
Converte para json e retorna o arquivo formatado.</doc>
<kw name="Get File" library="OperatingSystem">
<var>${file}</var>
<arg>../resource/data/schemas/schemas.json</arg>
<doc>Returns the contents of a specified file.</doc>
<msg timestamp="20220706 16:38:22.939" level="INFO" html="true">Getting file '&lt;a href="file://C:\Users\super\automacao_pet\resource\data\schemas\schemas.json"&gt;C:\Users\super\automacao_pet\resource\data\schemas\schemas.json&lt;/a&gt;'.</msg>
<msg timestamp="20220706 16:38:22.940" level="INFO">${file} = {
    "petId com sucesso": "api_pet/get_petid.json",
    "pet cadastrado com sucesso": "api_pet/post_pet.json",
    "orderId com sucesso": "api_store/get_store_orderid.json"
}</msg>
<status status="PASS" starttime="20220706 16:38:22.939" endtime="20220706 16:38:22.940"/>
</kw>
<kw name="Evaluate" library="BuiltIn">
<var>${json}</var>
<arg>json.loads($file)</arg>
<arg>json</arg>
<doc>Evaluates the given expression in Python and returns the result.</doc>
<msg timestamp="20220706 16:38:22.940" level="INFO">${json} = {'petId com sucesso': 'api_pet/get_petid.json', 'pet cadastrado com sucesso': 'api_pet/post_pet.json', 'orderId com sucesso': 'api_store/get_store_orderid.json'}</msg>
<status status="PASS" starttime="20220706 16:38:22.940" endtime="20220706 16:38:22.940"/>
</kw>
<kw name="Get From Dictionary" library="Collections">
<var>${json_schemas}</var>
<arg>${json}</arg>
<arg>${text}</arg>
<doc>Returns a value from the given ``dictionary`` based on the given ``key``.</doc>
<msg timestamp="20220706 16:38:22.940" level="INFO">${json_schemas} = api_store/get_store_orderid.json</msg>
<status status="PASS" starttime="20220706 16:38:22.940" endtime="20220706 16:38:22.940"/>
</kw>
<msg timestamp="20220706 16:38:22.940" level="INFO">${arg_schema} = api_store/get_store_orderid.json</msg>
<status status="PASS" starttime="20220706 16:38:22.939" endtime="20220706 16:38:22.940"/>
</kw>
<kw name="Validate Jsonschema From File" library="JsonValidator">
<arg>${response.text}</arg>
<arg>../resource/data/schemas/${arg_schema}</arg>
<doc>Validate JSON according to schema, loaded from a file.</doc>
<status status="PASS" starttime="20220706 16:38:22.940" endtime="20220706 16:38:22.958"/>
</kw>
<status status="PASS" starttime="20220706 16:38:22.939" endtime="20220706 16:38:22.958"/>
</kw>
<doc>Teste responsável por fazer usuário conseguir buscar informações do pedido enviando orderId válido</doc>
<tag>EP_STORE_ORDER</tag>
<tag>TC06</tag>
<status status="PASS" starttime="20220706 16:38:22.461" endtime="20220706 16:38:22.958"/>
</test>
<test id="s1-t2" name="TC07: validar mensagem de erro ao informar id inválido">
<kw name="Dado que realizo a consulta no endpoint &quot;get/store/order/{orderId}&quot; enviando orderId &quot;00&quot;" library="GET_STORE_ORDER_ORDERID" sourcename="Dado que realizo a consulta no endpoint &quot;get/store/order/{orderId}&quot; enviando orderId &quot;${orderId}&quot;">
<kw name="Format String" library="String">
<var>${url_formatada}</var>
<arg>${base_url}/store/order/${orderId}</arg>
<doc>Formats a ``template`` using the given ``positional`` and ``named`` arguments.</doc>
<msg timestamp="20220706 16:38:22.960" level="INFO">${url_formatada} = https://petstore.swagger.io/v2/store/order/00</msg>
<status status="PASS" starttime="20220706 16:38:22.960" endtime="20220706 16:38:22.960"/>
</kw>
<kw name="GET" library="RequestsLibrary">
<var>${response}</var>
<arg>${url_formatada}</arg>
<arg>expected_status=any</arg>
<doc>Sends a GET request.</doc>
<msg timestamp="20220706 16:38:23.407" level="INFO">GET Request : url=https://petstore.swagger.io/v2/store/order/00 
 path_url=/v2/store/order/00 
 headers={'User-Agent': 'python-requests/2.25.1', 'Accept-Encoding': 'gzip, deflate', 'Accept': '*/*', 'Connection': 'keep-alive'} 
 body=None 
 </msg>
<msg timestamp="20220706 16:38:23.407" level="INFO">GET Response : url=https://petstore.swagger.io/v2/store/order/00 
 status=404, reason=Not Found 
 headers={'Date': 'Wed, 06 Jul 2022 19:38:23 GMT', 'Content-Type': 'application/json', 'Transfer-Encoding': 'chunked', 'Connection': 'keep-alive', 'Access-Control-Allow-Origin': '*', 'Access-Control-Allow-Methods': 'GET, POST, DELETE, PUT', 'Access-Control-Allow-Headers': 'Content-Type, api_key, Authorization', 'Server': 'Jetty(9.2.9.v20150224)'} 
 body={"code":1,"type":"error","message":"Order not found"} 
 </msg>
<msg timestamp="20220706 16:38:23.408" level="INFO">${response} = &lt;Response [404]&gt;</msg>
<status status="PASS" starttime="20220706 16:38:22.960" endtime="20220706 16:38:23.408"/>
</kw>
<kw name="Set Test Variable" library="BuiltIn">
<arg>${response}</arg>
<doc>Makes a variable available everywhere within the scope of the current test.</doc>
<msg timestamp="20220706 16:38:23.408" level="INFO">${response} = &lt;Response [404]&gt;</msg>
<status status="PASS" starttime="20220706 16:38:23.408" endtime="20220706 16:38:23.408"/>
</kw>
<status status="PASS" starttime="20220706 16:38:22.959" endtime="20220706 16:38:23.408"/>
</kw>
<kw name="Então retorna a requisição com status code &quot;404&quot;" library="GET_STORE_ORDER_ORDERID" sourcename="Então retorna a requisição com status code &quot;${esperado}&quot;">
<kw name="Status Should Be" library="RequestsLibrary">
<arg>${esperado}</arg>
<doc>Fails if response status code is different than the expected.</doc>
<status status="PASS" starttime="20220706 16:38:23.409" endtime="20220706 16:38:23.409"/>
</kw>
<status status="PASS" starttime="20220706 16:38:23.409" endtime="20220706 16:38:23.410"/>
</kw>
<kw name="E recebo a mensagem de retorno &quot;Order not found&quot;" library="GET_STORE_ORDER_ORDERID" sourcename="E recebo a mensagem de retorno &quot;${message}&quot;">
<kw name="Should Contain" library="BuiltIn">
<arg>${response.text}</arg>
<arg>"${message}"</arg>
<doc>Fails if ``container`` does not contain ``item`` one or more times.</doc>
<status status="PASS" starttime="20220706 16:38:23.411" endtime="20220706 16:38:23.412"/>
</kw>
<status status="PASS" starttime="20220706 16:38:23.411" endtime="20220706 16:38:23.412"/>
</kw>
<doc>Teste responsável por validar que o usuário não consegue buscar informações do pedido enviando orderId inválido.</doc>
<tag>EP_STORE_ORDER</tag>
<tag>TC07</tag>
<status status="PASS" starttime="20220706 16:38:22.959" endtime="20220706 16:38:23.412"/>
</test>
<test id="s1-t3" name="TC08: validar mensagem de erro ao informar id inválido">
<kw name="Dado que realizo a consulta no endpoint &quot;get/store/order/{orderId}&quot; enviando orderId &quot;11&quot;" library="GET_STORE_ORDER_ORDERID" sourcename="Dado que realizo a consulta no endpoint &quot;get/store/order/{orderId}&quot; enviando orderId &quot;${orderId}&quot;">
<kw name="Format String" library="String">
<var>${url_formatada}</var>
<arg>${base_url}/store/order/${orderId}</arg>
<doc>Formats a ``template`` using the given ``positional`` and ``named`` arguments.</doc>
<msg timestamp="20220706 16:38:23.414" level="INFO">${url_formatada} = https://petstore.swagger.io/v2/store/order/11</msg>
<status status="PASS" starttime="20220706 16:38:23.414" endtime="20220706 16:38:23.414"/>
</kw>
<kw name="GET" library="RequestsLibrary">
<var>${response}</var>
<arg>${url_formatada}</arg>
<arg>expected_status=any</arg>
<doc>Sends a GET request.</doc>
<msg timestamp="20220706 16:38:23.878" level="INFO">GET Request : url=https://petstore.swagger.io/v2/store/order/11 
 path_url=/v2/store/order/11 
 headers={'User-Agent': 'python-requests/2.25.1', 'Accept-Encoding': 'gzip, deflate', 'Accept': '*/*', 'Connection': 'keep-alive'} 
 body=None 
 </msg>
<msg timestamp="20220706 16:38:23.878" level="INFO">GET Response : url=https://petstore.swagger.io/v2/store/order/11 
 status=200, reason=OK 
 headers={'Date': 'Wed, 06 Jul 2022 19:38:24 GMT', 'Content-Type': 'application/json', 'Transfer-Encoding': 'chunked', 'Connection': 'keep-alive', 'Access-Control-Allow-Origin': '*', 'Access-Control-Allow-Methods': 'GET, POST, DELETE, PUT', 'Access-Control-Allow-Headers': 'Content-Type, api_key, Authorization', 'Server': 'Jetty(9.2.9.v20150224)'} 
 body={"id":11,"petId":1937404476,"quantity":1,"status":"placed","complete":false} 
 </msg>
<msg timestamp="20220706 16:38:23.878" level="INFO">${response} = &lt;Response [200]&gt;</msg>
<status status="PASS" starttime="20220706 16:38:23.414" endtime="20220706 16:38:23.878"/>
</kw>
<kw name="Set Test Variable" library="BuiltIn">
<arg>${response}</arg>
<doc>Makes a variable available everywhere within the scope of the current test.</doc>
<msg timestamp="20220706 16:38:23.878" level="INFO">${response} = &lt;Response [200]&gt;</msg>
<status status="PASS" starttime="20220706 16:38:23.878" endtime="20220706 16:38:23.879"/>
</kw>
<status status="PASS" starttime="20220706 16:38:23.414" endtime="20220706 16:38:23.879"/>
</kw>
<kw name="Então retorna a requisição com status code &quot;404&quot;" library="GET_STORE_ORDER_ORDERID" sourcename="Então retorna a requisição com status code &quot;${esperado}&quot;">
<kw name="Status Should Be" library="RequestsLibrary">
<arg>${esperado}</arg>
<doc>Fails if response status code is different than the expected.</doc>
<msg timestamp="20220706 16:38:23.881" level="FAIL">Url: https://petstore.swagger.io/v2/store/order/11 Expected status: 200 != 404</msg>
<status status="FAIL" starttime="20220706 16:38:23.881" endtime="20220706 16:38:23.881"/>
</kw>
<status status="FAIL" starttime="20220706 16:38:23.880" endtime="20220706 16:38:23.881"/>
</kw>
<kw name="E recebo a mensagem de retorno &quot;Order not found&quot;" library="GET_STORE_ORDER_ORDERID" sourcename="E recebo a mensagem de retorno &quot;${message}&quot;">
<status status="NOT RUN" starttime="20220706 16:38:23.883" endtime="20220706 16:38:23.883"/>
</kw>
<doc>Teste responsável por validar que o usuário não consegue buscar informações do pedido enviando orderId inválido.</doc>
<tag>EP_STORE_ORDER</tag>
<tag>TC08</tag>
<status status="FAIL" starttime="20220706 16:38:23.413" endtime="20220706 16:38:23.884">Url: https://petstore.swagger.io/v2/store/order/11 Expected status: 200 != 404</status>
</test>
<test id="s1-t4" name="TC09: buscar pedido de compra enviando id vazio">
<kw name="Dado que realizo a consulta no endpoint &quot;get/store/order/{orderId}&quot; enviando orderId &quot;&quot;" library="GET_STORE_ORDER_ORDERID" sourcename="Dado que realizo a consulta no endpoint &quot;get/store/order/{orderId}&quot; enviando orderId &quot;${orderId}&quot;">
<kw name="Format String" library="String">
<var>${url_formatada}</var>
<arg>${base_url}/store/order/${orderId}</arg>
<doc>Formats a ``template`` using the given ``positional`` and ``named`` arguments.</doc>
<msg timestamp="20220706 16:38:23.886" level="INFO">${url_formatada} = https://petstore.swagger.io/v2/store/order/</msg>
<status status="PASS" starttime="20220706 16:38:23.886" endtime="20220706 16:38:23.886"/>
</kw>
<kw name="GET" library="RequestsLibrary">
<var>${response}</var>
<arg>${url_formatada}</arg>
<arg>expected_status=any</arg>
<doc>Sends a GET request.</doc>
<msg timestamp="20220706 16:38:24.349" level="INFO">GET Request : url=https://petstore.swagger.io/v2/store/order/ 
 path_url=/v2/store/order/ 
 headers={'User-Agent': 'python-requests/2.25.1', 'Accept-Encoding': 'gzip, deflate', 'Accept': '*/*', 'Connection': 'keep-alive'} 
 body=None 
 </msg>
<msg timestamp="20220706 16:38:24.349" level="INFO">GET Response : url=https://petstore.swagger.io/v2/store/order/ 
 status=405, reason=Method Not Allowed 
 headers={'Date': 'Wed, 06 Jul 2022 19:38:24 GMT', 'Content-Type': 'application/xml', 'Content-Length': '102', 'Connection': 'keep-alive', 'Access-Control-Allow-Origin': '*', 'Access-Control-Allow-Methods': 'GET, POST, DELETE, PUT', 'Access-Control-Allow-Headers': 'Content-Type, api_key, Authorization', 'Server': 'Jetty(9.2.9.v20150224)'} 
 body=&lt;?xml version="1.0" encoding="UTF-8" standalone="yes"?&gt;&lt;apiResponse&gt;&lt;type&gt;unknown&lt;/type&gt;&lt;/apiResponse&gt; 
 </msg>
<msg timestamp="20220706 16:38:24.350" level="INFO">${response} = &lt;Response [405]&gt;</msg>
<status status="PASS" starttime="20220706 16:38:23.886" endtime="20220706 16:38:24.350"/>
</kw>
<kw name="Set Test Variable" library="BuiltIn">
<arg>${response}</arg>
<doc>Makes a variable available everywhere within the scope of the current test.</doc>
<msg timestamp="20220706 16:38:24.350" level="INFO">${response} = &lt;Response [405]&gt;</msg>
<status status="PASS" starttime="20220706 16:38:24.350" endtime="20220706 16:38:24.350"/>
</kw>
<status status="PASS" starttime="20220706 16:38:23.886" endtime="20220706 16:38:24.351"/>
</kw>
<kw name="Então retorna a requisição com status code &quot;405&quot;" library="GET_STORE_ORDER_ORDERID" sourcename="Então retorna a requisição com status code &quot;${esperado}&quot;">
<kw name="Status Should Be" library="RequestsLibrary">
<arg>${esperado}</arg>
<doc>Fails if response status code is different than the expected.</doc>
<status status="PASS" starttime="20220706 16:38:24.351" endtime="20220706 16:38:24.352"/>
</kw>
<status status="PASS" starttime="20220706 16:38:24.351" endtime="20220706 16:38:24.352"/>
</kw>
<doc>Teste responsável por validar que o usuário não consegue buscar informações do pedido enviando orderId vazio.</doc>
<tag>EP_STORE_ORDER</tag>
<tag>TC09</tag>
<status status="PASS" starttime="20220706 16:38:23.885" endtime="20220706 16:38:24.352"/>
</test>
<status status="FAIL" starttime="20220706 16:38:22.137" endtime="20220706 16:38:24.353"/>
</suite>
<statistics>
<total>
<stat pass="3" fail="1" skip="0">All Tests</stat>
</total>
<tag>
<stat pass="3" fail="1" skip="0">EP_STORE_ORDER</stat>
<stat pass="1" fail="0" skip="0">TC06</stat>
<stat pass="1" fail="0" skip="0">TC07</stat>
<stat pass="0" fail="1" skip="0">TC08</stat>
<stat pass="1" fail="0" skip="0">TC09</stat>
</tag>
<suite>
<stat pass="3" fail="1" skip="0" id="s1" name="GET STORE ORDER ORDERID">GET STORE ORDER ORDERID</stat>
</suite>
</statistics>
<errors>
</errors>
</robot>
